[debug] [2023-03-28T19:09:18.720Z] ----------------------------------------------------------------------
[debug] [2023-03-28T19:09:18.735Z] Command:       C:\Program Files\nodejs\node.exe C:\Users\TanjimulSabbir\AppData\Roaming\npm\node_modules\firebase-tools\lib\bin\firebase.js init
[debug] [2023-03-28T19:09:18.736Z] CLI Version:   11.24.1
[debug] [2023-03-28T19:09:18.736Z] Platform:      win32
[debug] [2023-03-28T19:09:18.736Z] Node Version:  v19.8.1
[debug] [2023-03-28T19:09:18.737Z] Time:          Wed Mar 29 2023 01:09:18 GMT+0600 (Bangladesh Standard Time)
[debug] [2023-03-28T19:09:18.737Z] ----------------------------------------------------------------------
[debug] 
[debug] [2023-03-28T19:09:18.749Z] > command requires scopes: ["email","openid","https://www.googleapis.com/auth/cloudplatformprojects.readonly","https://www.googleapis.com/auth/firebase","https://www.googleapis.com/auth/cloud-platform"]
[debug] [2023-03-28T19:09:18.749Z] > authorizing via signed-in user (tanjimulislamsabbir02@gmail.com)
[info] 
     ######## #### ########  ######## ########     ###     ######  ########
     ##        ##  ##     ## ##       ##     ##  ##   ##  ##       ##
     ######    ##  ########  ######   ########  #########  ######  ######
     ##        ##  ##    ##  ##       ##     ## ##     ##       ## ##
     ##       #### ##     ## ######## ########  ##     ##  ######  ########

You're about to initialize a Firebase project in this directory:

  B:\Web Development (Programming Hero)\Assignment\Assignment-09\educational-website

[info] 
=== Project Setup
[info] 
[info] First, let's associate this project directory with a Firebase project.
[info] You can create multiple project aliases by running firebase use --add, 
[info] but for now we'll just set up a default project.
[info] 
[debug] [2023-03-28T19:09:53.169Z] > refreshing access token with scopes: []
[debug] [2023-03-28T19:09:53.173Z] >>> [apiv2][query] POST https://www.googleapis.com/oauth2/v3/token [none]
[debug] [2023-03-28T19:09:53.174Z] >>> [apiv2][body] POST https://www.googleapis.com/oauth2/v3/token [omitted]
[debug] [2023-03-28T19:09:53.732Z] <<< [apiv2][status] POST https://www.googleapis.com/oauth2/v3/token 200
[debug] [2023-03-28T19:09:53.732Z] <<< [apiv2][body] POST https://www.googleapis.com/oauth2/v3/token [omitted]
[debug] [2023-03-28T19:09:53.747Z] >>> [apiv2][query] GET https://firebase.googleapis.com/v1beta1/projects pageSize=100
[debug] [2023-03-28T19:09:55.007Z] <<< [apiv2][status] GET https://firebase.googleapis.com/v1beta1/projects 200
[debug] [2023-03-28T19:09:55.007Z] <<< [apiv2][body] GET https://firebase.googleapis.com/v1beta1/projects [omitted]
[info] i  Using project international-vounteer (international-vounteer) 
[info] 
=== Hosting Setup
[info] 
[info] Your public directory is the folder (relative to your project directory) that
[info] will contain Hosting assets to be uploaded with firebase deploy. If you
[info] have a build process for your assets, use your build's output directory.
[info] 
